{"/home/vinnicius/Developer/liber/react-architecture/cypress.config.ts": {"path":"/home/vinnicius/Developer/liber/react-architecture/cypress.config.ts","statementMap":{},"fnMap":{"0":{"name":"(anonymous_0)","decl":{"start":{"line":5,"column":4},"end":{"line":5,"column":5}},"loc":{"start":{"line":5,"column":32},"end":{"line":7,"column":5}},"line":5}},"branchMap":{},"s":{},"f":{"0":0},"b":{}}
,"/home/vinnicius/Developer/liber/react-architecture/vite.config.ts": {"path":"/home/vinnicius/Developer/liber/react-architecture/vite.config.ts","statementMap":{},"fnMap":{},"branchMap":{},"s":{},"f":{},"b":{}}
,"/home/vinnicius/Developer/liber/react-architecture/cypress/support/commands.ts": {"path":"/home/vinnicius/Developer/liber/react-architecture/cypress/support/commands.ts","statementMap":{},"fnMap":{},"branchMap":{},"s":{},"f":{},"b":{}}
,"/home/vinnicius/Developer/liber/react-architecture/cypress/support/e2e.ts": {"path":"/home/vinnicius/Developer/liber/react-architecture/cypress/support/e2e.ts","statementMap":{},"fnMap":{},"branchMap":{},"s":{},"f":{},"b":{}}
}
